<?xml version="1.0" encoding="UTF-8"?>
<!-- Generated by org.testng.reporters.JUnitReportReporter -->
<testsuite hostname="LAPTOP-8PARGHQU" failures="0" tests="1" name="com.facebook_project.TestNg_Facebook" time="2.461" errors="0" timestamp="2022-10-09T20:20:07 IST" skipped="0">
  <testcase classname="com.facebook_project.TestNg_Facebook" name="signup" time="2.461"/>
  <system-out/>
</testsuite> <!-- com.facebook_project.TestNg_Facebook -->
