<?xml version="1.0" encoding="UTF-8"?>
<!-- Generated by org.testng.reporters.JUnitReportReporter -->
<testsuite hostname="LAPTOP-8PARGHQU" failures="0" tests="1" name="com.facebook_project.Facebook" time="2.324" errors="0" timestamp="2022-10-01T15:02:30 IST" skipped="0">
  <testcase classname="com.facebook_project.Facebook" name="signup" time="2.324"/>
  <system-out/>
</testsuite> <!-- com.facebook_project.Facebook -->
